2023-10-09 18:14:15 debug: Fetching Naver address for: 서울특별시 강남구 선릉로6길 5 2층 왼쪽(개포동)
2023-10-09 18:14:15 debug: Successfully fetched Naver address for: 서울특별시 강남구 선릉로6길 5 2층 왼쪽(개포동)
2023-10-09 18:14:15 debug: Fetching Naver address for: 서울특별시 강남구 삼성로 11 상가동 B104호(개포동, 디에이치 아너힐즈)
2023-10-09 18:14:16 debug: Successfully fetched Naver address for: 서울특별시 강남구 삼성로 11 상가동 B104호(개포동, 디에이치 아너힐즈)
2023-10-09 18:14:16 debug: Fetching Naver address for: 서울특별시 강남구 선릉로 8 상가 5호(개포동)
2023-10-09 18:14:16 debug: Successfully fetched Naver address for: 서울특별시 강남구 선릉로 8 상가 5호(개포동)
2023-10-09 18:14:16 debug: Fetching Naver address for: 서울특별시 강남구 선릉로12길 10 1층 [101호](개포동, 개포좋은집)
2023-10-09 18:14:16 debug: Successfully fetched Naver address for: 서울특별시 강남구 선릉로12길 10 1층 [101호](개포동, 개포좋은집)
2023-10-09 18:14:16 debug: Fetching Naver address for: 서울특별시 강남구 언주로7길 6 1층 104-3호(개포동, 개포자이르네)
2023-10-09 18:14:17 debug: Successfully fetched Naver address for: 서울특별시 강남구 언주로7길 6 1층 104-3호(개포동, 개포자이르네)
2023-10-09 18:14:17 debug: Fetching Naver address for: 서울특별시 강남구 개포로 307 지하1층 B03-1호(개포동, 우성아파트 상가동)
2023-10-09 18:14:17 debug: Successfully fetched Naver address for: 서울특별시 강남구 개포로 307 지하1층 B03-1호(개포동, 우성아파트 상가동)
2023-10-09 18:14:17 debug: Fetching Naver address for: 서울특별시 강남구 삼성로 14 1층 128호(개포동, 개포자이스퀘어)
2023-10-09 18:14:17 debug: Successfully fetched Naver address for: 서울특별시 강남구 삼성로 14 1층 128호(개포동, 개포자이스퀘어)
2023-10-09 18:14:17 debug: Fetching Naver address for: 서울특별시 강남구 개포로 264 지1층 102호[102-1호](개포동, 개포 래미안 포레스트 상가2동)
2023-10-09 18:14:17 debug: Successfully fetched Naver address for: 서울특별시 강남구 개포로 264 지1층 102호[102-1호](개포동, 개포 래미안 포레스트 상가2동)
2023-10-09 18:14:17 debug: Fetching Naver address for: 서울특별시 강남구 삼성로 11 지1층 B118호(개포동, 디에이치아너힐즈 상가동)
2023-10-09 18:14:18 debug: Successfully fetched Naver address for: 서울특별시 강남구 삼성로 11 지1층 B118호(개포동, 디에이치아너힐즈 상가동)
2023-10-09 18:14:18 debug: Fetching Naver address for: 서울특별시 강남구 삼성로 11 지1층B116호(개포동, 디에이치아너힐즈 상가동)
2023-10-09 18:14:18 debug: Successfully fetched Naver address for: 서울특별시 강남구 삼성로 11 지1층B116호(개포동, 디에이치아너힐즈 상가동)
2023-10-09 18:14:18 info: Total items processed: 10. Successfully fetched: 10. Failed: 0.
